<?xml version="1.0" encoding="UTF-8"?>
<!-- Generated by org.testng.reporters.JUnitReportReporter -->
<testsuite skipped="0" hostname="DESKTOP-O2MOUCQ" name="com.txt.Parellel" tests="3" failures="0" timestamp="24 Apr 2021 04:38:39 GMT" time="0.135" errors="0">
  <testcase name="tc11" time="0.015" classname="com.txt.Parellel"/>
  <testcase name="tcl2" time="0.046" classname="com.txt.Parellel"/>
  <testcase name="tc10" time="0.074" classname="com.txt.Parellel"/>
</testsuite> <!-- com.txt.Parellel -->
