<?xml version="1.0" encoding="UTF-8"?>
<!-- Generated by org.testng.reporters.JUnitReportReporter -->
<testsuite skipped="0" hostname="DESKTOP-O2MOUCQ" name="com.txt.Sample" tests="2" failures="0" timestamp="23 Apr 2021 04:17:48 GMT" time="0.075" errors="0">
  <testcase name="test2" time="0.015" classname="com.txt.Sample"/>
  <testcase name="test0" time="0.060" classname="com.txt.Sample"/>
</testsuite> <!-- com.txt.Sample -->
