<?xml version="1.0" encoding="UTF-8"?>
<!-- Generated by org.testng.reporters.JUnitReportReporter -->
<testsuite skipped="0" hostname="DESKTOP-O2MOUCQ" name="com.txt.ParellelSample" tests="3" failures="0" timestamp="24 Apr 2021 04:38:53 GMT" time="0.089" errors="0">
  <testcase name="tc21" time="0.016" classname="com.txt.ParellelSample"/>
  <testcase name="tc22" time="0.016" classname="com.txt.ParellelSample"/>
  <testcase name="tc20" time="0.057" classname="com.txt.ParellelSample"/>
</testsuite> <!-- com.txt.ParellelSample -->
