<?xml version="1.0" encoding="UTF-8"?>
<!-- Generated by org.testng.reporters.JUnitReportReporter -->
<testsuite skipped="0" hostname="DESKTOP-O2MOUCQ" name="com.txt.Sample2" tests="3" failures="0" timestamp="24 Apr 2021 04:39:06 GMT" time="0.109" errors="0">
  <testcase name="tc31" time="0.031" classname="com.txt.Sample2"/>
  <testcase name="tc32" time="0.016" classname="com.txt.Sample2"/>
  <testcase name="tc30" time="0.062" classname="com.txt.Sample2"/>
</testsuite> <!-- com.txt.Sample2 -->
