<?xml version="1.0" encoding="UTF-8"?>
<!-- Generated by org.testng.reporters.JUnitReportReporter -->
<testsuite skipped="0" hostname="DESKTOP-O2MOUCQ" name="org.thread.Sample2" tests="9" failures="0" timestamp="24 Apr 2021 06:57:34 GMT" time="0.201" errors="0">
  <testcase name="tc32" time="0.046" classname="org.thread.Sample2"/>
  <testcase name="tc33" time="0.047" classname="org.thread.Sample2"/>
  <testcase name="tc32" time="0.000" classname="org.thread.Sample2"/>
  <testcase name="tc31" time="0.077" classname="org.thread.Sample2"/>
  <testcase name="tc31" time="0.000" classname="org.thread.Sample2"/>
  <testcase name="tc31" time="0.015" classname="org.thread.Sample2"/>
  <testcase name="tc32" time="0.000" classname="org.thread.Sample2"/>
  <testcase name="tc33" time="0.016" classname="org.thread.Sample2"/>
  <testcase name="tc33" time="0.000" classname="org.thread.Sample2"/>
</testsuite> <!-- org.thread.Sample2 -->
