<?xml version="1.0" encoding="UTF-8"?>
<!-- Generated by org.testng.reporters.JUnitReportReporter -->
<testsuite skipped="0" hostname="DESKTOP-O2MOUCQ" name="org.thread.Sample" tests="9" failures="0" timestamp="24 Apr 2021 06:57:34 GMT" time="0.156" errors="0">
  <testcase name="tc11" time="0.031" classname="org.thread.Sample"/>
  <testcase name="tc10" time="0.032" classname="org.thread.Sample"/>
  <testcase name="tc11" time="0.000" classname="org.thread.Sample"/>
  <testcase name="tc11" time="0.000" classname="org.thread.Sample"/>
  <testcase name="tc12" time="0.000" classname="org.thread.Sample"/>
  <testcase name="tc10" time="0.077" classname="org.thread.Sample"/>
  <testcase name="tc10" time="0.000" classname="org.thread.Sample"/>
  <testcase name="tc12" time="0.016" classname="org.thread.Sample"/>
  <testcase name="tc12" time="0.000" classname="org.thread.Sample"/>
</testsuite> <!-- org.thread.Sample -->
