<?xml version="1.0" encoding="UTF-8"?>
<!-- Generated by org.testng.reporters.JUnitReportReporter -->
<testsuite skipped="0" hostname="DESKTOP-O2MOUCQ" name="org.thread.Sample3" tests="9" failures="0" timestamp="24 Apr 2021 06:57:34 GMT" time="0.157" errors="0">
  <testcase name="tc43" time="0.016" classname="org.thread.Sample3"/>
  <testcase name="tc43" time="0.000" classname="org.thread.Sample3"/>
  <testcase name="tc41" time="0.062" classname="org.thread.Sample3"/>
  <testcase name="tc42" time="0.016" classname="org.thread.Sample3"/>
  <testcase name="tc43" time="0.000" classname="org.thread.Sample3"/>
  <testcase name="tc41" time="0.000" classname="org.thread.Sample3"/>
  <testcase name="tc42" time="0.000" classname="org.thread.Sample3"/>
  <testcase name="tc42" time="0.000" classname="org.thread.Sample3"/>
  <testcase name="tc41" time="0.063" classname="org.thread.Sample3"/>
</testsuite> <!-- org.thread.Sample3 -->
